<?xml version="1.0" encoding="UTF-8"?>
<!-- Generated by org.testng.reporters.JUnitReportReporter -->
<testsuite hostname="LAPTOP-RH55RME4" failures="0" tests="1" name="com.qa.TestCases.TC_guru99_001" time="24.083" errors="0" timestamp="2023-10-02T18:53:06 IST" skipped="0">
  <testcase classname="com.qa.TestCases.TC_guru99_001" name="login" time="24.083"/>
</testsuite> <!-- com.qa.TestCases.TC_guru99_001 -->
