<?xml version="1.0" encoding="UTF-8"?>
<!-- Generated by org.testng.reporters.JUnitReportReporter -->
<testsuite hostname="LAPTOP-RH55RME4" failures="0" tests="1" name="com.qa.Utilities.ReadExcellData" time="1.348" errors="0" timestamp="2023-09-30T22:13:31 IST" skipped="0">
  <testcase classname="com.qa.Utilities.ReadExcellData" name="data" time="1.348"/>
</testsuite> <!-- com.qa.Utilities.ReadExcellData -->
